<?xml version="1.0" encoding="UTF-8"?>
<!-- Generated by org.testng.reporters.JUnitXMLReporter -->
<testsuite ignored="0" hostname="DESKTOP-HFS0OVC" failures="1" tests="1" name="Test" time="33.764" errors="0" timestamp="2022-06-15T10:25:20 IST">
  <testcase classname="com.crm.comcast.contactTest.CreateContactWithOutMandateTest" name="CreateContact" time="15.589">
    <failure type="java.lang.AssertionError" message="null">
      <![CDATA[java.lang.AssertionError: null
at com.crm.comcast.contactTest.CreateContactWithOutMandateTest.CreateContact(CreateContactWithOutMandateTest.java:27)
at java.base/java.util.ArrayList.forEach(ArrayList.java:1511)
... Removed 29 stack frames]]>
    </failure>
  </testcase> <!-- CreateContact -->
</testsuite> <!-- Test -->
