<?xml version="1.0" encoding="UTF-8"?>
<testng-results ignored="0" total="1" passed="0" failed="1" skipped="0">
  <reporter-output>
  </reporter-output>
  <suite started-at="2022-08-18T10:28:38 IST" name="Default suite" finished-at="2022-08-18T10:31:26 IST" duration-ms="167834">
    <groups>
      <group name="smokeTest">
        <method signature="CreateContactWithOutMandateTest.CreateContact()[pri:0, instance:com.crm.comcast.contactTest.CreateContactWithOutMandateTest@bae7dc0]" name="CreateContact" class="com.crm.comcast.contactTest.CreateContactWithOutMandateTest"/>
      </group> <!-- smokeTest -->
    </groups>
    <test started-at="2022-08-18T10:28:38 IST" name="Default test" finished-at="2022-08-18T10:31:26 IST" duration-ms="167834">
      <class name="com.crm.comcast.contactTest.CreateContactWithOutMandateTest">
        <test-method is-config="true" signature="bs()[pri:0, instance:com.crm.comcast.contactTest.CreateContactWithOutMandateTest@bae7dc0]" started-at="2022-08-18T10:28:38 IST" name="bs" finished-at="2022-08-18T10:28:38 IST" duration-ms="10" status="PASS">
          <reporter-output>
          </reporter-output>
        </test-method> <!-- bs -->
        <test-method is-config="true" signature="bt()[pri:0, instance:com.crm.comcast.contactTest.CreateContactWithOutMandateTest@bae7dc0]" started-at="2022-08-18T10:28:38 IST" name="bt" finished-at="2022-08-18T10:28:38 IST" duration-ms="2" status="PASS">
          <reporter-output>
          </reporter-output>
        </test-method> <!-- bt -->
        <test-method is-config="true" signature="bc()[pri:0, instance:com.crm.comcast.contactTest.CreateContactWithOutMandateTest@bae7dc0]" started-at="2022-08-18T10:28:38 IST" name="bc" finished-at="2022-08-18T10:29:37 IST" duration-ms="58571" status="PASS">
          <reporter-output>
          </reporter-output>
        </test-method> <!-- bc -->
        <test-method is-config="true" signature="bm()[pri:0, instance:com.crm.comcast.contactTest.CreateContactWithOutMandateTest@bae7dc0]" started-at="2022-08-18T10:29:37 IST" name="bm" finished-at="2022-08-18T10:30:25 IST" duration-ms="47545" status="PASS">
          <reporter-output>
          </reporter-output>
        </test-method> <!-- bm -->
        <test-method signature="CreateContact()[pri:0, instance:com.crm.comcast.contactTest.CreateContactWithOutMandateTest@bae7dc0]" started-at="2022-08-18T10:30:25 IST" name="CreateContact" finished-at="2022-08-18T10:31:19 IST" duration-ms="54900" status="FAIL">
          <exception class="java.lang.AssertionError">
            <message>
              <![CDATA[null]]>
            </message>
            <full-stacktrace>
              <![CDATA[java.lang.AssertionError: null
at org.testng.Assert.fail(Assert.java:99)
at org.testng.Assert.fail(Assert.java:106)
at com.crm.comcast.contactTest.CreateContactWithOutMandateTest.CreateContact(CreateContactWithOutMandateTest.java:27)
at java.base/jdk.internal.reflect.NativeMethodAccessorImpl.invoke0(Native Method)
at java.base/jdk.internal.reflect.NativeMethodAccessorImpl.invoke(NativeMethodAccessorImpl.java:77)
at java.base/jdk.internal.reflect.DelegatingMethodAccessorImpl.invoke(DelegatingMethodAccessorImpl.java:43)
at java.base/java.lang.reflect.Method.invoke(Method.java:568)
at org.testng.internal.MethodInvocationHelper.invokeMethod(MethodInvocationHelper.java:133)
at org.testng.internal.TestInvoker.invokeMethod(TestInvoker.java:598)
at org.testng.internal.TestInvoker.invokeTestMethod(TestInvoker.java:173)
at org.testng.internal.MethodRunner.runInSequence(MethodRunner.java:46)
at org.testng.internal.TestInvoker$MethodInvocationAgent.invoke(TestInvoker.java:824)
at org.testng.internal.TestInvoker.invokeTestMethods(TestInvoker.java:146)
at org.testng.internal.TestMethodWorker.invokeTestMethods(TestMethodWorker.java:146)
at org.testng.internal.TestMethodWorker.run(TestMethodWorker.java:128)
at java.base/java.util.ArrayList.forEach(ArrayList.java:1511)
at org.testng.TestRunner.privateRun(TestRunner.java:794)
at org.testng.TestRunner.run(TestRunner.java:596)
at org.testng.SuiteRunner.runTest(SuiteRunner.java:377)
at org.testng.SuiteRunner.runSequentially(SuiteRunner.java:371)
at org.testng.SuiteRunner.privateRun(SuiteRunner.java:332)
at org.testng.SuiteRunner.run(SuiteRunner.java:276)
at org.testng.SuiteRunnerWorker.runSuite(SuiteRunnerWorker.java:53)
at org.testng.SuiteRunnerWorker.run(SuiteRunnerWorker.java:96)
at org.testng.TestNG.runSuitesSequentially(TestNG.java:1212)
at org.testng.TestNG.runSuitesLocally(TestNG.java:1134)
at org.testng.TestNG.runSuites(TestNG.java:1063)
at org.testng.TestNG.run(TestNG.java:1031)
at org.testng.remote.AbstractRemoteTestNG.run(AbstractRemoteTestNG.java:115)
at org.testng.remote.RemoteTestNG.initAndRun(RemoteTestNG.java:251)
at org.testng.remote.RemoteTestNG.main(RemoteTestNG.java:77)
]]>
            </full-stacktrace>
          </exception> <!-- java.lang.AssertionError -->
          <reporter-output>
          </reporter-output>
        </test-method> <!-- CreateContact -->
        <test-method is-config="true" signature="am()[pri:0, instance:com.crm.comcast.contactTest.CreateContactWithOutMandateTest@bae7dc0]" started-at="2022-08-18T10:31:20 IST" name="am" finished-at="2022-08-18T10:31:25 IST" duration-ms="4900" status="PASS">
          <reporter-output>
          </reporter-output>
        </test-method> <!-- am -->
        <test-method is-config="true" signature="ac()[pri:0, instance:com.crm.comcast.contactTest.CreateContactWithOutMandateTest@bae7dc0]" started-at="2022-08-18T10:31:25 IST" name="ac" finished-at="2022-08-18T10:31:26 IST" duration-ms="1283" status="PASS">
          <reporter-output>
          </reporter-output>
        </test-method> <!-- ac -->
        <test-method is-config="true" signature="at()[pri:0, instance:com.crm.comcast.contactTest.CreateContactWithOutMandateTest@bae7dc0]" started-at="2022-08-18T10:31:26 IST" name="at" finished-at="2022-08-18T10:31:26 IST" duration-ms="1" status="PASS">
          <reporter-output>
          </reporter-output>
        </test-method> <!-- at -->
        <test-method is-config="true" signature="as()[pri:0, instance:com.crm.comcast.contactTest.CreateContactWithOutMandateTest@bae7dc0]" started-at="2022-08-18T10:31:26 IST" name="as" finished-at="2022-08-18T10:31:26 IST" duration-ms="3" status="PASS">
          <reporter-output>
          </reporter-output>
        </test-method> <!-- as -->
      </class> <!-- com.crm.comcast.contactTest.CreateContactWithOutMandateTest -->
    </test> <!-- Default test -->
  </suite> <!-- Default suite -->
</testng-results>
